app/build/intermediates/manifest_merge_blame_file/debug/processDebugMainManifest/manifest-merger-blame-debug-report.txt
1<?xml version="1.0" encoding="utf-8"?>
2<manifest xmlns:android="http://schemas.android.com/apk/res/android"
3    package="com.example.vpntest"
4    android:versionCode="1"
5    android:versionName="1.1.15" >
6
7    <uses-sdk
8        android:minSdkVersion="24"
9        android:targetSdkVersion="34" />
10
11    <uses-permission android:name="android.permission.INTERNET" />
11-->src\main\AndroidManifest.xml:4:5-67
11-->src\main\AndroidManifest.xml:4:22-64
12    <uses-permission android:name="android.permission.ACCESS_NETWORK_STATE" />
12-->src\main\AndroidManifest.xml:5:5-79
12-->src\main\AndroidManifest.xml:5:22-76
13    <uses-permission android:name="android.permission.FOREGROUND_SERVICE" />
13-->src\main\AndroidManifest.xml:6:5-77
13-->src\main\AndroidManifest.xml:6:22-74
14    <uses-permission android:name="android.permission.FOREGROUND_SERVICE_SPECIAL_USE" />
14-->src\main\AndroidManifest.xml:7:5-89
14-->src\main\AndroidManifest.xml:7:22-86
15
16    <!-- Required so Android can resolve the apps used by App Open Test -->
17    <queries>
17-->src\main\AndroidManifest.xml:10:5-18:15
18        <package android:name="com.instagram.android" />
18-->src\main\AndroidManifest.xml:11:9-57
18-->src\main\AndroidManifest.xml:11:18-54
19        <package android:name="com.google.android.youtube" />
19-->src\main\AndroidManifest.xml:12:9-62
19-->src\main\AndroidManifest.xml:12:18-59
20        <package android:name="com.facebook.katana" />
20-->src\main\AndroidManifest.xml:13:9-55
20-->src\main\AndroidManifest.xml:13:18-52
21        <package android:name="com.android.chrome" />
21-->src\main\AndroidManifest.xml:14:9-54
21-->src\main\AndroidManifest.xml:14:18-51
22        <package android:name="com.whatsapp" />
22-->src\main\AndroidManifest.xml:15:9-48
22-->src\main\AndroidManifest.xml:15:18-45
23        <package android:name="com.netflix.mediaclient" />
23-->src\main\AndroidManifest.xml:16:9-59
23-->src\main\AndroidManifest.xml:16:18-56
24        <package android:name="com.spotify.music" />
24-->src\main\AndroidManifest.xml:17:9-53
24-->src\main\AndroidManifest.xml:17:18-50
25    </queries>
26
27    <permission
27-->[androidx.core:core:1.13.0] AndroidManifest.xml:22:5-24:47
28        android:name="com.example.vpntest.DYNAMIC_RECEIVER_NOT_EXPORTED_PERMISSION"
28-->[androidx.core:core:1.13.0] AndroidManifest.xml:23:9-81
29        android:protectionLevel="signature" />
29-->[androidx.core:core:1.13.0] AndroidManifest.xml:24:9-44
30
31    <uses-permission android:name="com.example.vpntest.DYNAMIC_RECEIVER_NOT_EXPORTED_PERMISSION" />
31-->[androidx.core:core:1.13.0] AndroidManifest.xml:26:5-97
31-->[androidx.core:core:1.13.0] AndroidManifest.xml:26:22-94
32
33    <application
33-->src\main\AndroidManifest.xml:20:5-104:19
34        android:allowBackup="true"
34-->src\main\AndroidManifest.xml:21:9-35
35        android:appComponentFactory="androidx.core.app.CoreComponentFactory"
35-->[androidx.core:core:1.13.0] AndroidManifest.xml:28:18-86
36        android:debuggable="true"
37        android:extractNativeLibs="false"
38        android:icon="@mipmap/ic_launcher"
38-->src\main\AndroidManifest.xml:22:9-43
39        android:label="VpnTestPOC"
39-->src\main\AndroidManifest.xml:24:9-35
40        android:roundIcon="@mipmap/ic_launcher_round"
40-->src\main\AndroidManifest.xml:23:9-54
41        android:theme="@style/Theme.Material3.DayNight.NoActionBar"
41-->src\main\AndroidManifest.xml:25:9-68
42        android:usesCleartextTraffic="false" >
42-->src\main\AndroidManifest.xml:26:9-45
43
44        <!-- ==================== WEB TEST ACTIVITY ==================== -->
45
46        <activity
46-->src\main\AndroidManifest.xml:31:9-41:20
47            android:name="com.example.vpntest.VpnTestActivity"
47-->src\main\AndroidManifest.xml:32:13-63
48            android:exported="true"
48-->src\main\AndroidManifest.xml:33:13-36
49            android:label="VPN Test" >
49-->src\main\AndroidManifest.xml:34:13-37
50            <intent-filter>
50-->src\main\AndroidManifest.xml:36:13-39:29
51                <action android:name="android.intent.action.MAIN" />
51-->src\main\AndroidManifest.xml:37:17-69
51-->src\main\AndroidManifest.xml:37:25-66
52
53                <category android:name="android.intent.category.LAUNCHER" />
53-->src\main\AndroidManifest.xml:38:17-77
53-->src\main\AndroidManifest.xml:38:27-74
54            </intent-filter>
55        </activity>
56
57        <!-- ==================== WEB TEST VPN SERVICE ==================== -->
58
59        <service
59-->src\main\AndroidManifest.xml:46:9-60:19
60            android:name="com.example.vpntest.MediatorVpnService"
60-->src\main\AndroidManifest.xml:47:13-66
61            android:exported="true"
61-->src\main\AndroidManifest.xml:49:13-36
62            android:foregroundServiceType="specialUse"
62-->src\main\AndroidManifest.xml:50:13-55
63            android:permission="android.permission.BIND_VPN_SERVICE" >
63-->src\main\AndroidManifest.xml:48:13-69
64            <intent-filter>
64-->src\main\AndroidManifest.xml:52:13-54:29
65                <action android:name="android.net.VpnService" />
65-->src\main\AndroidManifest.xml:53:17-65
65-->src\main\AndroidManifest.xml:53:25-62
66            </intent-filter>
67
68            <property
68-->src\main\AndroidManifest.xml:56:13-58:39
69                android:name="android.app.PROPERTY_SPECIAL_USE_FGS_SUBTYPE"
69-->src\main\AndroidManifest.xml:57:17-76
70                android:value="vpn" />
70-->src\main\AndroidManifest.xml:58:17-36
71        </service>
72
73        <!-- ==================== APP OPEN TEST ACTIVITY ==================== -->
74
75        <activity
75-->src\main\AndroidManifest.xml:65:9-68:45
76            android:name="com.example.vpntest.appOpen.AppOpenVpnTestActivity"
76-->src\main\AndroidManifest.xml:66:13-78
77            android:exported="false"
77-->src\main\AndroidManifest.xml:67:13-37
78            android:label="App Open Test" />
78-->src\main\AndroidManifest.xml:68:13-42
79        <activity
79-->src\main\AndroidManifest.xml:69:9-97
80            android:name="com.example.vpntest.appOpen.AppOpenYoutubeTestActivity"
80-->src\main\AndroidManifest.xml:69:19-69
81            android:exported="false" />
81-->src\main\AndroidManifest.xml:69:70-94
82
83        <!-- ==================== APP OPEN TEST VPN SERVICE ==================== -->
84
85        <service
85-->src\main\AndroidManifest.xml:74:9-87:19
86            android:name="com.example.vpntest.appOpen.AppOpenMediatorVpnService"
86-->src\main\AndroidManifest.xml:75:13-81
87            android:exported="true"
87-->src\main\AndroidManifest.xml:76:13-36
88            android:foregroundServiceType="specialUse"
88-->src\main\AndroidManifest.xml:77:13-55
89            android:permission="android.permission.BIND_VPN_SERVICE" >
89-->src\main\AndroidManifest.xml:75:93-149
90            <intent-filter>
90-->src\main\AndroidManifest.xml:52:13-54:29
91                <action android:name="android.net.VpnService" />
91-->src\main\AndroidManifest.xml:53:17-65
91-->src\main\AndroidManifest.xml:53:25-62
92            </intent-filter>
93
94            <property
94-->src\main\AndroidManifest.xml:56:13-58:39
95                android:name="android.app.PROPERTY_SPECIAL_USE_FGS_SUBTYPE"
95-->src\main\AndroidManifest.xml:57:17-76
96                android:value="vpn" />
96-->src\main\AndroidManifest.xml:58:17-36
97        </service>
98
99        <!-- ==================== FILE PROVIDER ==================== -->
100
101        <provider
102            android:name="androidx.core.content.FileProvider"
102-->src\main\AndroidManifest.xml:93:13-62
103            android:authorities="com.example.vpntest.fileprovider"
103-->src\main\AndroidManifest.xml:94:13-64
104            android:exported="false"
104-->src\main\AndroidManifest.xml:95:13-37
105            android:grantUriPermissions="true" >
105-->src\main\AndroidManifest.xml:96:13-47
106            <meta-data
106-->src\main\AndroidManifest.xml:98:13-100:54
107                android:name="android.support.FILE_PROVIDER_PATHS"
107-->src\main\AndroidManifest.xml:99:17-67
108                android:resource="@xml/file_paths" />
108-->src\main\AndroidManifest.xml:100:17-51
109        </provider>
110        <provider
110-->[androidx.emoji2:emoji2:1.2.0] AndroidManifest.xml:24:9-32:20
111            android:name="androidx.startup.InitializationProvider"
111-->[androidx.emoji2:emoji2:1.2.0] AndroidManifest.xml:25:13-67
112            android:authorities="com.example.vpntest.androidx-startup"
112-->[androidx.emoji2:emoji2:1.2.0] AndroidManifest.xml:26:13-68
113            android:exported="false" >
113-->[androidx.emoji2:emoji2:1.2.0] AndroidManifest.xml:27:13-37
114            <meta-data
114-->[androidx.emoji2:emoji2:1.2.0] AndroidManifest.xml:29:13-31:52
115                android:name="androidx.emoji2.text.EmojiCompatInitializer"
115-->[androidx.emoji2:emoji2:1.2.0] AndroidManifest.xml:30:17-75
116                android:value="androidx.startup" />
116-->[androidx.emoji2:emoji2:1.2.0] AndroidManifest.xml:31:17-49
117            <meta-data
117-->[androidx.lifecycle:lifecycle-process:2.8.3] AndroidManifest.xml:29:13-31:52
118                android:name="androidx.lifecycle.ProcessLifecycleInitializer"
118-->[androidx.lifecycle:lifecycle-process:2.8.3] AndroidManifest.xml:30:17-78
119                android:value="androidx.startup" />
119-->[androidx.lifecycle:lifecycle-process:2.8.3] AndroidManifest.xml:31:17-49
120            <meta-data
120-->[androidx.profileinstaller:profileinstaller:1.3.1] AndroidManifest.xml:29:13-31:52
121                android:name="androidx.profileinstaller.ProfileInstallerInitializer"
121-->[androidx.profileinstaller:profileinstaller:1.3.1] AndroidManifest.xml:30:17-85
122                android:value="androidx.startup" />
122-->[androidx.profileinstaller:profileinstaller:1.3.1] AndroidManifest.xml:31:17-49
123        </provider>
124
125        <receiver
125-->[androidx.profileinstaller:profileinstaller:1.3.1] AndroidManifest.xml:34:9-52:20
126            android:name="androidx.profileinstaller.ProfileInstallReceiver"
126-->[androidx.profileinstaller:profileinstaller:1.3.1] AndroidManifest.xml:35:13-76
127            android:directBootAware="false"
127-->[androidx.profileinstaller:profileinstaller:1.3.1] AndroidManifest.xml:36:13-44
128            android:enabled="true"
128-->[androidx.profileinstaller:profileinstaller:1.3.1] AndroidManifest.xml:37:13-35
129            android:exported="true"
129-->[androidx.profileinstaller:profileinstaller:1.3.1] AndroidManifest.xml:38:13-36
130            android:permission="android.permission.DUMP" >
130-->[androidx.profileinstaller:profileinstaller:1.3.1] AndroidManifest.xml:39:13-57
131            <intent-filter>
131-->[androidx.profileinstaller:profileinstaller:1.3.1] AndroidManifest.xml:40:13-42:29
132                <action android:name="androidx.profileinstaller.action.INSTALL_PROFILE" />
132-->[androidx.profileinstaller:profileinstaller:1.3.1] AndroidManifest.xml:41:17-91
132-->[androidx.profileinstaller:profileinstaller:1.3.1] AndroidManifest.xml:41:25-88
133            </intent-filter>
134            <intent-filter>
134-->[androidx.profileinstaller:profileinstaller:1.3.1] AndroidManifest.xml:43:13-45:29
135                <action android:name="androidx.profileinstaller.action.SKIP_FILE" />
135-->[androidx.profileinstaller:profileinstaller:1.3.1] AndroidManifest.xml:44:17-85
135-->[androidx.profileinstaller:profileinstaller:1.3.1] AndroidManifest.xml:44:25-82
136            </intent-filter>
137            <intent-filter>
137-->[androidx.profileinstaller:profileinstaller:1.3.1] AndroidManifest.xml:46:13-48:29
138                <action android:name="androidx.profileinstaller.action.SAVE_PROFILE" />
138-->[androidx.profileinstaller:profileinstaller:1.3.1] AndroidManifest.xml:47:17-88
138-->[androidx.profileinstaller:profileinstaller:1.3.1] AndroidManifest.xml:47:25-85
139            </intent-filter>
140            <intent-filter>
140-->[androidx.profileinstaller:profileinstaller:1.3.1] AndroidManifest.xml:49:13-51:29
141                <action android:name="androidx.profileinstaller.action.BENCHMARK_OPERATION" />
141-->[androidx.profileinstaller:profileinstaller:1.3.1] AndroidManifest.xml:50:17-95
141-->[androidx.profileinstaller:profileinstaller:1.3.1] AndroidManifest.xml:50:25-92
142            </intent-filter>
143        </receiver>
144    </application>
145
146</manifest>